<?xml version="1.0" encoding="UTF-8"?>
<robot generator="Robot 4.0 (Python 3.9.1 on win32)" generated="20210616 01:45:04.339" rpa="false" schemaversion="2">
<suite id="s1" name="addItem" source="D:\ROBOT_FRAMEWORK\TestCases\addItem.robot">
<test id="s1-t1" name="AddItemToCart">
<kw name="Open Browser" library="SeleniumLibrary">
<arg>https://demo.nopcommerce.com/</arg>
<arg>Chrome</arg>
<doc>Opens a new browser instance to the optional ``url``.</doc>
<msg timestamp="20210616 01:45:04.483" level="INFO">Opening browser 'Chrome' to base url 'https://demo.nopcommerce.com/'.</msg>
<status status="PASS" starttime="20210616 01:45:04.483" endtime="20210616 01:45:10.692"/>
</kw>
<kw name="Maximize Browser Window" library="SeleniumLibrary">
<doc>Maximizes current browser window.</doc>
<status status="PASS" starttime="20210616 01:45:10.692" endtime="20210616 01:45:10.814"/>
</kw>
<kw name="Set Selenium Speed" library="SeleniumLibrary">
<arg>2s</arg>
<doc>Sets the delay that is waited after each Selenium command.</doc>
<status status="PASS" starttime="20210616 01:45:10.815" endtime="20210616 01:45:10.815"/>
</kw>
<kw name="Click Element" library="SeleniumLibrary">
<arg>xpath://ul/li/a[text()="Log in"]</arg>
<doc>Click the element identified by ``locator``.</doc>
<msg timestamp="20210616 01:45:10.816" level="INFO">Clicking element 'xpath://ul/li/a[text()="Log in"]'.</msg>
<kw name="Capture Page Screenshot" library="SeleniumLibrary">
<doc>Takes a screenshot of the current page and embeds it into a log file.</doc>
<msg timestamp="20210616 01:45:37.206" level="FAIL">WebDriverException: Message: chrome not reachable
  (Session info: chrome=91.0.4472.77)
</msg>
<status status="FAIL" starttime="20210616 01:45:24.997" endtime="20210616 01:45:37.206"/>
</kw>
<msg timestamp="20210616 01:45:37.206" level="WARN">Keyword 'Capture Page Screenshot' could not be run on failure: WebDriverException: Message: chrome not reachable
  (Session info: chrome=91.0.4472.77)
</msg>
<msg timestamp="20210616 01:45:37.223" level="FAIL">WebDriverException: Message: chrome not reachable
  (Session info: chrome=91.0.4472.77)
</msg>
<status status="FAIL" starttime="20210616 01:45:10.816" endtime="20210616 01:45:37.223"/>
</kw>
<kw name="Scroll Element Into View" library="SeleniumLibrary">
<arg>xpath://button[@class="button-1 login-button"]</arg>
<doc>Scrolls the element identified by ``locator`` into view.</doc>
<status status="NOT RUN" starttime="20210616 01:45:37.223" endtime="20210616 01:45:37.223"/>
</kw>
<kw name="Click Element" library="SeleniumLibrary">
<arg>xpath://button[@class="button-1 register-button"]</arg>
<doc>Click the element identified by ``locator``.</doc>
<status status="NOT RUN" starttime="20210616 01:45:37.224" endtime="20210616 01:45:37.224"/>
</kw>
<kw name="Scroll Element Into View" library="SeleniumLibrary">
<arg>xpath://input[@id="FirstName"]</arg>
<doc>Scrolls the element identified by ``locator`` into view.</doc>
<status status="NOT RUN" starttime="20210616 01:45:37.224" endtime="20210616 01:45:37.224"/>
</kw>
<kw name="Select Radio Button" library="SeleniumLibrary">
<arg>Gender</arg>
<arg>F</arg>
<doc>Sets the radio button group ``group_name`` to ``value``.</doc>
<status status="NOT RUN" starttime="20210616 01:45:37.225" endtime="20210616 01:45:37.225"/>
</kw>
<kw name="Input Text" library="SeleniumLibrary">
<arg>xpath://input[@id="FirstName"]</arg>
<arg>Pallavi</arg>
<doc>Types the given ``text`` into the text field identified by ``locator``.</doc>
<status status="NOT RUN" starttime="20210616 01:45:37.226" endtime="20210616 01:45:37.226"/>
</kw>
<kw name="Input Text" library="SeleniumLibrary">
<arg>xpath://input[@id="LastName"]</arg>
<arg>Sharma</arg>
<doc>Types the given ``text`` into the text field identified by ``locator``.</doc>
<status status="NOT RUN" starttime="20210616 01:45:37.226" endtime="20210616 01:45:37.226"/>
</kw>
<kw name="Scroll Element Into View" library="SeleniumLibrary">
<arg>xpath://input[@id="Email"]</arg>
<doc>Scrolls the element identified by ``locator`` into view.</doc>
<status status="NOT RUN" starttime="20210616 01:45:37.227" endtime="20210616 01:45:37.227"/>
</kw>
<kw name="Select From List By Label" library="SeleniumLibrary">
<arg>DateOfBirthDay</arg>
<arg>19</arg>
<doc>Selects options from selection list ``locator`` by ``labels``.</doc>
<status status="NOT RUN" starttime="20210616 01:45:37.227" endtime="20210616 01:45:37.227"/>
</kw>
<kw name="Select From List By Label" library="SeleniumLibrary">
<arg>DateOfBirthMonth</arg>
<arg>May</arg>
<doc>Selects options from selection list ``locator`` by ``labels``.</doc>
<status status="NOT RUN" starttime="20210616 01:45:37.228" endtime="20210616 01:45:37.228"/>
</kw>
<kw name="Select From List By Label" library="SeleniumLibrary">
<arg>DateOfBirthYear</arg>
<arg>1994</arg>
<doc>Selects options from selection list ``locator`` by ``labels``.</doc>
<status status="NOT RUN" starttime="20210616 01:45:37.228" endtime="20210616 01:45:37.228"/>
</kw>
<kw name="Input Text" library="SeleniumLibrary">
<arg>xpath://input[@id="Email"]</arg>
<arg>pallavisharma1905@gmail.com</arg>
<doc>Types the given ``text`` into the text field identified by ``locator``.</doc>
<status status="NOT RUN" starttime="20210616 01:45:37.228" endtime="20210616 01:45:37.228"/>
</kw>
<kw name="Scroll Element Into View" library="SeleniumLibrary">
<arg>xpath://input[@name="Password"]</arg>
<doc>Scrolls the element identified by ``locator`` into view.</doc>
<status status="NOT RUN" starttime="20210616 01:45:37.228" endtime="20210616 01:45:37.228"/>
</kw>
<kw name="Input Text" library="SeleniumLibrary">
<arg>xpath://input[@name="Password"]</arg>
<arg>Pall@1234</arg>
<doc>Types the given ``text`` into the text field identified by ``locator``.</doc>
<status status="NOT RUN" starttime="20210616 01:45:37.228" endtime="20210616 01:45:37.229"/>
</kw>
<kw name="Input Text" library="SeleniumLibrary">
<arg>xpath://input[@name="ConfirmPassword"]</arg>
<arg>Pall@1234</arg>
<doc>Types the given ``text`` into the text field identified by ``locator``.</doc>
<status status="NOT RUN" starttime="20210616 01:45:37.229" endtime="20210616 01:45:37.229"/>
</kw>
<kw name="Click Button" library="SeleniumLibrary">
<arg>xpath://button[@name="register-button"]</arg>
<doc>Clicks the button identified by ``locator``.</doc>
<status status="NOT RUN" starttime="20210616 01:45:37.229" endtime="20210616 01:45:37.229"/>
</kw>
<kw name="Click Button" library="SeleniumLibrary">
<arg>xpath://a[@class="button-1 register-continue-button"]</arg>
<doc>Clicks the button identified by ``locator``.</doc>
<status status="NOT RUN" starttime="20210616 01:45:37.229" endtime="20210616 01:45:37.229"/>
</kw>
<status status="FAIL" starttime="20210616 01:45:04.483" endtime="20210616 01:45:37.230">WebDriverException: Message: chrome not reachable
  (Session info: chrome=91.0.4472.77)
</status>
</test>
<status status="FAIL" starttime="20210616 01:45:04.340" endtime="20210616 01:45:37.231"/>
</suite>
<statistics>
<total>
<stat pass="0" fail="1" skip="0">All Tests</stat>
</total>
<tag>
</tag>
<suite>
<stat pass="0" fail="1" skip="0" id="s1" name="addItem">addItem</stat>
</suite>
</statistics>
<errors>
<msg timestamp="20210616 01:45:37.206" level="WARN">Keyword 'Capture Page Screenshot' could not be run on failure: WebDriverException: Message: chrome not reachable
  (Session info: chrome=91.0.4472.77)
</msg>
</errors>
</robot>
